<?xml version="1.0" encoding="utf-8"?><testsuites><testsuite name="pytest" errors="0" failures="0" skipped="0" tests="4" time="22.828" timestamp="2025-07-10T15:50:29.195567" hostname="Jans-Mac-mini.local"><testcase classname="tests.e2e.step_defs.test_order_management" name="test_successful_order_placement" time="1.396" /><testcase classname="tests.e2e.step_defs.test_order_management" name="test_user_must_be_logged_in_to_place_order" time="20.143" /><testcase classname="tests.e2e.step_defs.test_order_management" name="test_user_can_view_order_history" time="0.372" /><testcase classname="tests.e2e.step_defs.test_order_management" name="test_user_can_continue_shopping_after_placing_an_order" time="0.892" /></testsuite></testsuites>